<?xml version="1.0" encoding="UTF-8"?>
<!-- Generated by org.testng.reporters.JUnitReportReporter -->
<testsuite hostname="LMC-LT-64" failures="0" tests="2" name="TestCases.TestHomepage" time="6.018" errors="0" timestamp="2023-02-10T15:57:48 IST" skipped="0">
  <testcase classname="TestCases.TestHomepage" name="Testhome" time="3.417"/>
  <system-out/>
  <testcase classname="TestCases.TestHomepage" name="Testloginpage" time="2.601"/>
  <system-out/>
</testsuite> <!-- TestCases.TestHomepage -->
