<?xml version="1.0" encoding="UTF-8"?>
<!-- Generated by org.testng.reporters.JUnitReportReporter -->
<testsuite hostname="LMC-LT-64" failures="0" tests="1" name="TestCases.Testcase1" time="6.447" errors="0" timestamp="2023-02-10T15:36:06 IST" skipped="0">
  <testcase classname="TestCases.Testcase1" name="Testhome" time="6.447"/>
  <system-out/>
</testsuite> <!-- TestCases.Testcase1 -->
