<?xml version="1.0" encoding="UTF-8"?>
<!-- Generated by org.testng.reporters.JUnitReportReporter -->
<testsuite hostname="LMC-LT-64" failures="0" tests="2" name="Test_Runner.TestCase_1" time="11.552" errors="0" timestamp="2023-02-13T09:13:43 IST" skipped="0">
  <testcase classname="Test_Runner.TestCase_1" name="Testhome" time="2.996"/>
  <system-out/>
  <testcase classname="Test_Runner.TestCase_1" name="Testloginpage" time="8.556"/>
  <system-out/>
</testsuite> <!-- Test_Runner.TestCase_1 -->
